<?xml version="1.0" encoding="UTF-8"?>
<testng-results ignored="0" total="26" passed="26" failed="0" skipped="0">
  <reporter-output>
  </reporter-output>
  <suite started-at="2024-04-13T12:10:52 IST" name="Cucumber Parallel Suite" finished-at="2024-04-13T12:10:57 IST" duration-ms="4902">
    <groups>
      <group name="cucumber">
        <method signature="AbstractTestNGCucumberTests.runScenario(io.cucumber.testng.PickleWrapper,io.cucumber.testng.FeatureWrapper)[pri:0, instance:runner.TestRunner@3b0fe47a]" name="runScenario" class="io.cucumber.testng.AbstractTestNGCucumberTests"/>
      </group> <!-- cucumber -->
    </groups>
    <test started-at="2024-04-13T12:10:52 IST" name="Cucumber Tests" finished-at="2024-04-13T12:10:57 IST" duration-ms="4902">
      <class name="runner.TestRunner">
        <test-method is-config="true" signature="setUpClass(org.testng.ITestContext)[pri:0, instance:runner.TestRunner@3b0fe47a]" started-at="2024-04-13T12:10:52 IST" name="setUpClass" finished-at="2024-04-13T12:10:53 IST" duration-ms="841" status="PASS">
          <params>
            <param index="0">
              <value>
                <![CDATA[org.testng.TestRunner@7d9f158f]]>
              </value>
            </param>
          </params>
          <reporter-output>
          </reporter-output>
        </test-method> <!-- setUpClass -->
        <test-method signature="runScenario(io.cucumber.testng.PickleWrapper,io.cucumber.testng.FeatureWrapper)[pri:0, instance:runner.TestRunner@3b0fe47a]" started-at="2024-04-13T12:10:53 IST" name="runScenario" description="Runs Cucumber Scenarios" data-provider="scenarios" finished-at="2024-04-13T12:10:54 IST" duration-ms="612" status="PASS">
          <params>
            <param index="0">
              <value>
                <![CDATA["verify with invalid credentials"]]>
              </value>
            </param>
            <param index="1">
              <value>
                <![CDATA["to verify login Functionality"]]>
              </value>
            </param>
          </params>
          <reporter-output>
          </reporter-output>
        </test-method> <!-- runScenario -->
        <test-method signature="runScenario(io.cucumber.testng.PickleWrapper,io.cucumber.testng.FeatureWrapper)[pri:0, instance:runner.TestRunner@3b0fe47a]" started-at="2024-04-13T12:10:53 IST" name="runScenario" description="Runs Cucumber Scenarios" data-provider="scenarios" finished-at="2024-04-13T12:10:54 IST" duration-ms="1018" status="PASS">
          <params>
            <param index="0">
              <value>
                <![CDATA["verify with invalid credentials"]]>
              </value>
            </param>
            <param index="1">
              <value>
                <![CDATA["to verify login Functionality"]]>
              </value>
            </param>
          </params>
          <reporter-output>
          </reporter-output>
        </test-method> <!-- runScenario -->
        <test-method signature="runScenario(io.cucumber.testng.PickleWrapper,io.cucumber.testng.FeatureWrapper)[pri:0, instance:runner.TestRunner@3b0fe47a]" started-at="2024-04-13T12:10:53 IST" name="runScenario" description="Runs Cucumber Scenarios" data-provider="scenarios" finished-at="2024-04-13T12:10:54 IST" duration-ms="565" status="PASS">
          <params>
            <param index="0">
              <value>
                <![CDATA["verify with wrong username/password"]]>
              </value>
            </param>
            <param index="1">
              <value>
                <![CDATA["to verify login Functionality"]]>
              </value>
            </param>
          </params>
          <reporter-output>
          </reporter-output>
        </test-method> <!-- runScenario -->
        <test-method signature="runScenario(io.cucumber.testng.PickleWrapper,io.cucumber.testng.FeatureWrapper)[pri:0, instance:runner.TestRunner@3b0fe47a]" started-at="2024-04-13T12:10:53 IST" name="runScenario" description="Runs Cucumber Scenarios" data-provider="scenarios" finished-at="2024-04-13T12:10:54 IST" duration-ms="720" status="PASS">
          <params>
            <param index="0">
              <value>
                <![CDATA["verify with wrong username/password"]]>
              </value>
            </param>
            <param index="1">
              <value>
                <![CDATA["to verify login Functionality"]]>
              </value>
            </param>
          </params>
          <reporter-output>
          </reporter-output>
        </test-method> <!-- runScenario -->
        <test-method signature="runScenario(io.cucumber.testng.PickleWrapper,io.cucumber.testng.FeatureWrapper)[pri:0, instance:runner.TestRunner@3b0fe47a]" started-at="2024-04-13T12:10:53 IST" name="runScenario" description="Runs Cucumber Scenarios" data-provider="scenarios" finished-at="2024-04-13T12:10:54 IST" duration-ms="560" status="PASS">
          <params>
            <param index="0">
              <value>
                <![CDATA["verify with wrong username/password"]]>
              </value>
            </param>
            <param index="1">
              <value>
                <![CDATA["to verify login Functionality"]]>
              </value>
            </param>
          </params>
          <reporter-output>
          </reporter-output>
        </test-method> <!-- runScenario -->
        <test-method signature="runScenario(io.cucumber.testng.PickleWrapper,io.cucumber.testng.FeatureWrapper)[pri:0, instance:runner.TestRunner@3b0fe47a]" started-at="2024-04-13T12:10:53 IST" name="runScenario" description="Runs Cucumber Scenarios" data-provider="scenarios" finished-at="2024-04-13T12:10:54 IST" duration-ms="542" status="PASS">
          <params>
            <param index="0">
              <value>
                <![CDATA["verify with valid Credentials"]]>
              </value>
            </param>
            <param index="1">
              <value>
                <![CDATA["to verify login Functionality"]]>
              </value>
            </param>
          </params>
          <reporter-output>
          </reporter-output>
        </test-method> <!-- runScenario -->
        <test-method signature="runScenario(io.cucumber.testng.PickleWrapper,io.cucumber.testng.FeatureWrapper)[pri:0, instance:runner.TestRunner@3b0fe47a]" started-at="2024-04-13T12:10:53 IST" name="runScenario" description="Runs Cucumber Scenarios" data-provider="scenarios" finished-at="2024-04-13T12:10:54 IST" duration-ms="658" status="PASS">
          <params>
            <param index="0">
              <value>
                <![CDATA["should direct to forgotten password page"]]>
              </value>
            </param>
            <param index="1">
              <value>
                <![CDATA["to verify login Functionality"]]>
              </value>
            </param>
          </params>
          <reporter-output>
          </reporter-output>
        </test-method> <!-- runScenario -->
        <test-method signature="runScenario(io.cucumber.testng.PickleWrapper,io.cucumber.testng.FeatureWrapper)[pri:0, instance:runner.TestRunner@3b0fe47a]" started-at="2024-04-13T12:10:53 IST" name="runScenario" description="Runs Cucumber Scenarios" data-provider="scenarios" finished-at="2024-04-13T12:10:54 IST" duration-ms="542" status="PASS">
          <params>
            <param index="0">
              <value>
                <![CDATA["Try to register with valid PI and invalid email"]]>
              </value>
            </param>
            <param index="1">
              <value>
                <![CDATA["Verify funcionality of registration Page"]]>
              </value>
            </param>
          </params>
          <reporter-output>
          </reporter-output>
        </test-method> <!-- runScenario -->
        <test-method signature="runScenario(io.cucumber.testng.PickleWrapper,io.cucumber.testng.FeatureWrapper)[pri:0, instance:runner.TestRunner@3b0fe47a]" started-at="2024-04-13T12:10:53 IST" name="runScenario" description="Runs Cucumber Scenarios" data-provider="scenarios" finished-at="2024-04-13T12:10:54 IST" duration-ms="976" status="PASS">
          <params>
            <param index="0">
              <value>
                <![CDATA["Try to register with valid PI and different password and confirm password"]]>
              </value>
            </param>
            <param index="1">
              <value>
                <![CDATA["Verify funcionality of registration Page"]]>
              </value>
            </param>
          </params>
          <reporter-output>
          </reporter-output>
        </test-method> <!-- runScenario -->
        <test-method signature="runScenario(io.cucumber.testng.PickleWrapper,io.cucumber.testng.FeatureWrapper)[pri:0, instance:runner.TestRunner@3b0fe47a]" started-at="2024-04-13T12:10:53 IST" name="runScenario" description="Runs Cucumber Scenarios" data-provider="scenarios" finished-at="2024-04-13T12:10:54 IST" duration-ms="986" status="PASS">
          <params>
            <param index="0">
              <value>
                <![CDATA["Register with empty emailid field"]]>
              </value>
            </param>
            <param index="1">
              <value>
                <![CDATA["Verify funcionality of registration Page"]]>
              </value>
            </param>
          </params>
          <reporter-output>
          </reporter-output>
        </test-method> <!-- runScenario -->
        <test-method signature="runScenario(io.cucumber.testng.PickleWrapper,io.cucumber.testng.FeatureWrapper)[pri:0, instance:runner.TestRunner@3b0fe47a]" started-at="2024-04-13T12:10:54 IST" name="runScenario" description="Runs Cucumber Scenarios" data-provider="scenarios" finished-at="2024-04-13T12:10:54 IST" duration-ms="421" status="PASS">
          <params>
            <param index="0">
              <value>
                <![CDATA["Register with firstname field blank"]]>
              </value>
            </param>
            <param index="1">
              <value>
                <![CDATA["Verify funcionality of registration Page"]]>
              </value>
            </param>
          </params>
          <reporter-output>
          </reporter-output>
        </test-method> <!-- runScenario -->
        <test-method signature="runScenario(io.cucumber.testng.PickleWrapper,io.cucumber.testng.FeatureWrapper)[pri:0, instance:runner.TestRunner@3b0fe47a]" started-at="2024-04-13T12:10:54 IST" name="runScenario" description="Runs Cucumber Scenarios" data-provider="scenarios" finished-at="2024-04-13T12:10:54 IST" duration-ms="384" status="PASS">
          <params>
            <param index="0">
              <value>
                <![CDATA["Register with lastname field blank"]]>
              </value>
            </param>
            <param index="1">
              <value>
                <![CDATA["Verify funcionality of registration Page"]]>
              </value>
            </param>
          </params>
          <reporter-output>
          </reporter-output>
        </test-method> <!-- runScenario -->
        <test-method signature="runScenario(io.cucumber.testng.PickleWrapper,io.cucumber.testng.FeatureWrapper)[pri:0, instance:runner.TestRunner@3b0fe47a]" started-at="2024-04-13T12:10:54 IST" name="runScenario" description="Runs Cucumber Scenarios" data-provider="scenarios" finished-at="2024-04-13T12:10:54 IST" duration-ms="233" status="PASS">
          <params>
            <param index="0">
              <value>
                <![CDATA["Register with password less than eight characters"]]>
              </value>
            </param>
            <param index="1">
              <value>
                <![CDATA["Verify funcionality of registration Page"]]>
              </value>
            </param>
          </params>
          <reporter-output>
          </reporter-output>
        </test-method> <!-- runScenario -->
        <test-method signature="runScenario(io.cucumber.testng.PickleWrapper,io.cucumber.testng.FeatureWrapper)[pri:0, instance:runner.TestRunner@3b0fe47a]" started-at="2024-04-13T12:10:54 IST" name="runScenario" description="Runs Cucumber Scenarios" data-provider="scenarios" finished-at="2024-04-13T12:10:54 IST" duration-ms="416" status="PASS">
          <params>
            <param index="0">
              <value>
                <![CDATA["Password has more than eight characters but has only alphabets"]]>
              </value>
            </param>
            <param index="1">
              <value>
                <![CDATA["Verify funcionality of registration Page"]]>
              </value>
            </param>
          </params>
          <reporter-output>
          </reporter-output>
        </test-method> <!-- runScenario -->
        <test-method signature="runScenario(io.cucumber.testng.PickleWrapper,io.cucumber.testng.FeatureWrapper)[pri:0, instance:runner.TestRunner@3b0fe47a]" started-at="2024-04-13T12:10:54 IST" name="runScenario" description="Runs Cucumber Scenarios" data-provider="scenarios" finished-at="2024-04-13T12:10:54 IST" duration-ms="141" status="PASS">
          <params>
            <param index="0">
              <value>
                <![CDATA["Register with confirm password field blank"]]>
              </value>
            </param>
            <param index="1">
              <value>
                <![CDATA["Verify funcionality of registration Page"]]>
              </value>
            </param>
          </params>
          <reporter-output>
          </reporter-output>
        </test-method> <!-- runScenario -->
        <test-method signature="runScenario(io.cucumber.testng.PickleWrapper,io.cucumber.testng.FeatureWrapper)[pri:0, instance:runner.TestRunner@3b0fe47a]" started-at="2024-04-13T12:10:54 IST" name="runScenario" description="Runs Cucumber Scenarios" data-provider="scenarios" finished-at="2024-04-13T12:10:54 IST" duration-ms="389" status="PASS">
          <params>
            <param index="0">
              <value>
                <![CDATA["password strength is more than eight and has combination of characters"]]>
              </value>
            </param>
            <param index="1">
              <value>
                <![CDATA["Verify funcionality of registration Page"]]>
              </value>
            </param>
          </params>
          <reporter-output>
          </reporter-output>
        </test-method> <!-- runScenario -->
        <test-method signature="runScenario(io.cucumber.testng.PickleWrapper,io.cucumber.testng.FeatureWrapper)[pri:0, instance:runner.TestRunner@3b0fe47a]" started-at="2024-04-13T12:10:54 IST" name="runScenario" description="Runs Cucumber Scenarios" data-provider="scenarios" finished-at="2024-04-13T12:10:54 IST" duration-ms="606" status="PASS">
          <params>
            <param index="0">
              <value>
                <![CDATA["password strength is more than eight and has combination of characters"]]>
              </value>
            </param>
            <param index="1">
              <value>
                <![CDATA["Verify funcionality of registration Page"]]>
              </value>
            </param>
          </params>
          <reporter-output>
          </reporter-output>
        </test-method> <!-- runScenario -->
        <test-method signature="runScenario(io.cucumber.testng.PickleWrapper,io.cucumber.testng.FeatureWrapper)[pri:0, instance:runner.TestRunner@3b0fe47a]" started-at="2024-04-13T12:10:54 IST" name="runScenario" description="Runs Cucumber Scenarios" data-provider="scenarios" finished-at="2024-04-13T12:10:54 IST" duration-ms="291" status="PASS">
          <params>
            <param index="0">
              <value>
                <![CDATA["password strength is more than eight and has combination of characters"]]>
              </value>
            </param>
            <param index="1">
              <value>
                <![CDATA["Verify funcionality of registration Page"]]>
              </value>
            </param>
          </params>
          <reporter-output>
          </reporter-output>
        </test-method> <!-- runScenario -->
        <test-method signature="runScenario(io.cucumber.testng.PickleWrapper,io.cucumber.testng.FeatureWrapper)[pri:0, instance:runner.TestRunner@3b0fe47a]" started-at="2024-04-13T12:10:54 IST" name="runScenario" description="Runs Cucumber Scenarios" data-provider="scenarios" finished-at="2024-04-13T12:10:54 IST" duration-ms="27" status="PASS">
          <params>
            <param index="0">
              <value>
                <![CDATA["password strength is more than eight and has combination of characters"]]>
              </value>
            </param>
            <param index="1">
              <value>
                <![CDATA["Verify funcionality of registration Page"]]>
              </value>
            </param>
          </params>
          <reporter-output>
          </reporter-output>
        </test-method> <!-- runScenario -->
        <test-method signature="runScenario(io.cucumber.testng.PickleWrapper,io.cucumber.testng.FeatureWrapper)[pri:0, instance:runner.TestRunner@3b0fe47a]" started-at="2024-04-13T12:10:54 IST" name="runScenario" description="Runs Cucumber Scenarios" data-provider="scenarios" finished-at="2024-04-13T12:10:54 IST" duration-ms="267" status="PASS">
          <params>
            <param index="0">
              <value>
                <![CDATA["user navigates to What's New Page"]]>
              </value>
            </param>
            <param index="1">
              <value>
                <![CDATA["validate What's New page"]]>
              </value>
            </param>
          </params>
          <reporter-output>
          </reporter-output>
        </test-method> <!-- runScenario -->
        <test-method signature="runScenario(io.cucumber.testng.PickleWrapper,io.cucumber.testng.FeatureWrapper)[pri:0, instance:runner.TestRunner@3b0fe47a]" started-at="2024-04-13T12:10:54 IST" name="runScenario" description="Runs Cucumber Scenarios" data-provider="scenarios" finished-at="2024-04-13T12:10:54 IST" duration-ms="318" status="PASS">
          <params>
            <param index="0">
              <value>
                <![CDATA["navigate to Hoodies and Sweatshirts page"]]>
              </value>
            </param>
            <param index="1">
              <value>
                <![CDATA["validate What's New page"]]>
              </value>
            </param>
          </params>
          <reporter-output>
          </reporter-output>
        </test-method> <!-- runScenario -->
        <test-method signature="runScenario(io.cucumber.testng.PickleWrapper,io.cucumber.testng.FeatureWrapper)[pri:0, instance:runner.TestRunner@3b0fe47a]" started-at="2024-04-13T12:10:54 IST" name="runScenario" description="Runs Cucumber Scenarios" data-provider="scenarios" finished-at="2024-04-13T12:10:54 IST" duration-ms="268" status="PASS">
          <params>
            <param index="0">
              <value>
                <![CDATA["navigate to Jackets page"]]>
              </value>
            </param>
            <param index="1">
              <value>
                <![CDATA["validate What's New page"]]>
              </value>
            </param>
          </params>
          <reporter-output>
          </reporter-output>
        </test-method> <!-- runScenario -->
        <test-method signature="runScenario(io.cucumber.testng.PickleWrapper,io.cucumber.testng.FeatureWrapper)[pri:0, instance:runner.TestRunner@3b0fe47a]" started-at="2024-04-13T12:10:54 IST" name="runScenario" description="Runs Cucumber Scenarios" data-provider="scenarios" finished-at="2024-04-13T12:10:54 IST" duration-ms="352" status="PASS">
          <params>
            <param index="0">
              <value>
                <![CDATA["navigate to Tees page"]]>
              </value>
            </param>
            <param index="1">
              <value>
                <![CDATA["validate What's New page"]]>
              </value>
            </param>
          </params>
          <reporter-output>
          </reporter-output>
        </test-method> <!-- runScenario -->
        <test-method signature="runScenario(io.cucumber.testng.PickleWrapper,io.cucumber.testng.FeatureWrapper)[pri:0, instance:runner.TestRunner@3b0fe47a]" started-at="2024-04-13T12:10:54 IST" name="runScenario" description="Runs Cucumber Scenarios" data-provider="scenarios" finished-at="2024-04-13T12:10:54 IST" duration-ms="295" status="PASS">
          <params>
            <param index="0">
              <value>
                <![CDATA["navigate to Bras & Tanks page"]]>
              </value>
            </param>
            <param index="1">
              <value>
                <![CDATA["validate What's New page"]]>
              </value>
            </param>
          </params>
          <reporter-output>
          </reporter-output>
        </test-method> <!-- runScenario -->
        <test-method signature="runScenario(io.cucumber.testng.PickleWrapper,io.cucumber.testng.FeatureWrapper)[pri:0, instance:runner.TestRunner@3b0fe47a]" started-at="2024-04-13T12:10:54 IST" name="runScenario" description="Runs Cucumber Scenarios" data-provider="scenarios" finished-at="2024-04-13T12:10:54 IST" duration-ms="267" status="PASS">
          <params>
            <param index="0">
              <value>
                <![CDATA["navigate to Pants page"]]>
              </value>
            </param>
            <param index="1">
              <value>
                <![CDATA["validate What's New page"]]>
              </value>
            </param>
          </params>
          <reporter-output>
          </reporter-output>
        </test-method> <!-- runScenario -->
        <test-method signature="runScenario(io.cucumber.testng.PickleWrapper,io.cucumber.testng.FeatureWrapper)[pri:0, instance:runner.TestRunner@3b0fe47a]" started-at="2024-04-13T12:10:54 IST" name="runScenario" description="Runs Cucumber Scenarios" data-provider="scenarios" finished-at="2024-04-13T12:10:54 IST" duration-ms="36" status="PASS">
          <params>
            <param index="0">
              <value>
                <![CDATA["navigate to Shorts page"]]>
              </value>
            </param>
            <param index="1">
              <value>
                <![CDATA["validate What's New page"]]>
              </value>
            </param>
          </params>
          <reporter-output>
          </reporter-output>
        </test-method> <!-- runScenario -->
        <test-method is-config="true" signature="tearDownClass()[pri:0, instance:runner.TestRunner@3b0fe47a]" started-at="2024-04-13T12:10:54 IST" name="tearDownClass" finished-at="2024-04-13T12:10:57 IST" duration-ms="2558" status="PASS">
          <reporter-output>
          </reporter-output>
        </test-method> <!-- tearDownClass -->
      </class> <!-- runner.TestRunner -->
    </test> <!-- Cucumber Tests -->
  </suite> <!-- Cucumber Parallel Suite -->
</testng-results>
